COOKIE['PHPSESSID'] = 
COOKIE['roundcube_sessid'] = 
COOKIE['roundcube_sessauth'] = 
lastToken = 
rcLoginStatus = 1
rcSessionID = sqbdeoemclo6rjam8v785ul592

COOKIE['PHPSESSID'] = 
COOKIE['roundcube_sessid'] = gpgrpmo3cqo9jpe56tpu3ctfn6
COOKIE['roundcube_sessauth'] = 
lastToken = 
rcLoginStatus = 1
rcSessionID = 5ia8d1acpo46umeptcc6fc8064

COOKIE['PHPSESSID'] = 
COOKIE['roundcube_sessid'] = 5ia8d1acpo46umeptcc6fc8064
COOKIE['roundcube_sessauth'] = 
lastToken = 
rcLoginStatus = 1
rcSessionID = juu661akt465a3qdnrfcjq5jc1

COOKIE['PHPSESSID'] = 
COOKIE['roundcube_sessid'] = 
COOKIE['roundcube_sessauth'] = 
lastToken = 
rcLoginStatus = 1
rcSessionID = srcat76nrahf718l258a2jum52

COOKIE['PHPSESSID'] = 
COOKIE['roundcube_sessid'] = ivnaqkmkmqnb52asliptnh42f5
COOKIE['roundcube_sessauth'] = 
lastToken = 
rcLoginStatus = 1
rcSessionID = je9b82lccr4fpsaifp4127sg85

COOKIE['PHPSESSID'] = 
COOKIE['roundcube_sessid'] = je9b82lccr4fpsaifp4127sg85
COOKIE['roundcube_sessauth'] = jNA2BRkI8Z6D5ip1zT8dkJk2yx-1641909600
lastToken = 
rcLoginStatus = 1
rcSessionID = l5lavo7lqdrlhrranvjgnh7610

COOKIE['PHPSESSID'] = 
COOKIE['roundcube_sessid'] = l5lavo7lqdrlhrranvjgnh7610
COOKIE['roundcube_sessauth'] = FiNzfT1nl1WbJwsO2OaEVJoirp-1641909600
lastToken = 
rcLoginStatus = 1
rcSessionID = kdj20h7cs110lcoj5cm6lefcd2

COOKIE['PHPSESSID'] = 
COOKIE['roundcube_sessid'] = kdj20h7cs110lcoj5cm6lefcd2
COOKIE['roundcube_sessauth'] = 4b0v8oSIKyH1EnE2GtQC9uiQ69-1641909600
lastToken = 
rcLoginStatus = 1
rcSessionID = 1v0ba5em699cahgla3cqtg1b04

